#-----------------------------------------------------------
# Vivado v2018.3 (64-bit)
# SW Build 2405991 on Thu Dec  6 23:38:27 MST 2018
# IP Build 2404404 on Fri Dec  7 01:43:56 MST 2018
# Start of session at: Wed Sep 15 18:30:57 2021
# Process ID: 29124
# Current directory: d:/Software/Vivado/project/NET/axi_10g_ethernet_0_ex
# Command line: vivado.exe -notrace -source d:/Software/Vivado/project/NET/axi_10g_ethernet_0_ex/axi_10g_ethernet_0_ex.tcl
# Log file: d:/Software/Vivado/project/NET/axi_10g_ethernet_0_ex/vivado.log
# Journal file: d:/Software/Vivado/project/NET/axi_10g_ethernet_0_ex\vivado.jou
#-----------------------------------------------------------
start_gui
source d:/Software/Vivado/project/NET/axi_10g_ethernet_0_ex/axi_10g_ethernet_0_ex.tcl -notrace
INFO: [open_example_project] Creating new example project...
INFO: [IP_Flow 19-234] Refreshing IP repositories
INFO: [IP_Flow 19-1704] No user IP repositories specified
INFO: [IP_Flow 19-2313] Loaded Vivado IP repository 'D:/Software/Vivado/Vivado/2018.3/data/ip'.
create_project: Time (s): cpu = 00:00:32 ; elapsed = 00:00:12 . Memory (MB): peak = 783.988 ; gain = 172.613
INFO: [open_example_project] Importing original IP ...
import_ip: Time (s): cpu = 00:00:07 ; elapsed = 00:00:06 . Memory (MB): peak = 825.805 ; gain = 41.816
reset_target: Time (s): cpu = 00:00:05 ; elapsed = 00:00:08 . Memory (MB): peak = 825.805 ; gain = 0.000
INFO: [open_example_project] Generating the example project IP ...
INFO: [open_example_project] Adding example synthesis HDL files ...
INFO: [open_example_project] Adding example XDC files ...
INFO: [open_example_project] Adding simulation HDL files ...
INFO: [open_example_project] Rebuilding all the top level IPs ...
WARNING: [SIM-utils-52] IP component XML file does not exist: 'd:/Software/Vivado/project/NET/axi_10g_ethernet_0_ex/axi_10g_ethernet_0_ex.srcs/sources_1/ip/axi_10g_ethernet_0/axi_10g_ethernet_0.xml'
WARNING: [SIM-utils-52] IP component XML file does not exist: 'd:/Software/Vivado/project/NET/axi_10g_ethernet_0_ex/axi_10g_ethernet_0_ex.srcs/sources_1/ip/axi_10g_ethernet_0/bd_0/ip/ip_3/bd_efdb_0_dcm_locked_driver_0.xml'
WARNING: [SIM-utils-52] IP component XML file does not exist: 'd:/Software/Vivado/project/NET/axi_10g_ethernet_0_ex/axi_10g_ethernet_0_ex.srcs/sources_1/ip/axi_10g_ethernet_0/bd_0/ip/ip_4/bd_efdb_0_pma_pmd_type_driver_0.xml'
WARNING: [SIM-utils-52] IP component XML file does not exist: 'd:/Software/Vivado/project/NET/axi_10g_ethernet_0_ex/axi_10g_ethernet_0_ex.srcs/sources_1/ip/axi_10g_ethernet_0/bd_0/ip/ip_2/bd_efdb_0_prtad_driver_0.xml'
WARNING: [SIM-utils-52] IP component XML file does not exist: 'd:/Software/Vivado/project/NET/axi_10g_ethernet_0_ex/axi_10g_ethernet_0_ex.srcs/sources_1/ip/axi_10g_ethernet_0/bd_0/ip/ip_0/bd_efdb_0_xmac_0.xml'
WARNING: [SIM-utils-52] IP component XML file does not exist: 'd:/Software/Vivado/project/NET/axi_10g_ethernet_0_ex/axi_10g_ethernet_0_ex.srcs/sources_1/ip/axi_10g_ethernet_0/bd_0/ip/ip_1/bd_efdb_0_xpcs_0.xml'
INFO: [exportsim-Tcl-35] Exporting simulation files for "XSIM" (Xilinx Vivado Simulator)...
INFO: [exportsim-Tcl-29] Script generated: 'D:/Software/Vivado/project/NET/axi_10g_ethernet_0_ex/axi_10g_ethernet_0_ex.ip_user_files/sim_scripts/axi_10g_ethernet_0/xsim/axi_10g_ethernet_0.sh'
INFO: [SIM-utils-43] Exported 'D:/Software/Vivado/project/NET/axi_10g_ethernet_0_ex/axi_10g_ethernet_0_ex.ip_user_files/sim_scripts/axi_10g_ethernet_0/xsim/configure_gt.tcl'
INFO: [SIM-utils-43] Exported 'D:/Software/Vivado/project/NET/axi_10g_ethernet_0_ex/axi_10g_ethernet_0_ex.ip_user_files/sim_scripts/axi_10g_ethernet_0/xsim/xlconstant_v1_1_5.h'
INFO: [SIM-utils-43] Exported 'D:/Software/Vivado/project/NET/axi_10g_ethernet_0_ex/axi_10g_ethernet_0_ex.ip_user_files/sim_scripts/axi_10g_ethernet_0/xsim/bd_efdb_0_prtad_driver_0.h'
INFO: [SIM-utils-43] Exported 'D:/Software/Vivado/project/NET/axi_10g_ethernet_0_ex/axi_10g_ethernet_0_ex.ip_user_files/sim_scripts/axi_10g_ethernet_0/xsim/xlconstant_v1_1_5.h'
INFO: [SIM-utils-43] Exported 'D:/Software/Vivado/project/NET/axi_10g_ethernet_0_ex/axi_10g_ethernet_0_ex.ip_user_files/sim_scripts/axi_10g_ethernet_0/xsim/bd_efdb_0_dcm_locked_driver_0.h'
INFO: [SIM-utils-43] Exported 'D:/Software/Vivado/project/NET/axi_10g_ethernet_0_ex/axi_10g_ethernet_0_ex.ip_user_files/sim_scripts/axi_10g_ethernet_0/xsim/xlconstant_v1_1_5.h'
INFO: [SIM-utils-43] Exported 'D:/Software/Vivado/project/NET/axi_10g_ethernet_0_ex/axi_10g_ethernet_0_ex.ip_user_files/sim_scripts/axi_10g_ethernet_0/xsim/bd_efdb_0_pma_pmd_type_driver_0.h'
INFO: [exportsim-Tcl-35] Exporting simulation files for "MODELSIM" (Mentor Graphics ModelSim Simulator)...
INFO: [exportsim-Tcl-29] Script generated: 'D:/Software/Vivado/project/NET/axi_10g_ethernet_0_ex/axi_10g_ethernet_0_ex.ip_user_files/sim_scripts/axi_10g_ethernet_0/modelsim/axi_10g_ethernet_0.sh'
INFO: [SIM-utils-43] Exported 'D:/Software/Vivado/project/NET/axi_10g_ethernet_0_ex/axi_10g_ethernet_0_ex.ip_user_files/sim_scripts/axi_10g_ethernet_0/modelsim/configure_gt.tcl'
INFO: [SIM-utils-43] Exported 'D:/Software/Vivado/project/NET/axi_10g_ethernet_0_ex/axi_10g_ethernet_0_ex.ip_user_files/sim_scripts/axi_10g_ethernet_0/modelsim/xlconstant_v1_1_5.h'
INFO: [SIM-utils-43] Exported 'D:/Software/Vivado/project/NET/axi_10g_ethernet_0_ex/axi_10g_ethernet_0_ex.ip_user_files/sim_scripts/axi_10g_ethernet_0/modelsim/bd_efdb_0_prtad_driver_0.h'
INFO: [SIM-utils-43] Exported 'D:/Software/Vivado/project/NET/axi_10g_ethernet_0_ex/axi_10g_ethernet_0_ex.ip_user_files/sim_scripts/axi_10g_ethernet_0/modelsim/xlconstant_v1_1_5.h'
INFO: [SIM-utils-43] Exported 'D:/Software/Vivado/project/NET/axi_10g_ethernet_0_ex/axi_10g_ethernet_0_ex.ip_user_files/sim_scripts/axi_10g_ethernet_0/modelsim/bd_efdb_0_dcm_locked_driver_0.h'
INFO: [SIM-utils-43] Exported 'D:/Software/Vivado/project/NET/axi_10g_ethernet_0_ex/axi_10g_ethernet_0_ex.ip_user_files/sim_scripts/axi_10g_ethernet_0/modelsim/xlconstant_v1_1_5.h'
INFO: [SIM-utils-43] Exported 'D:/Software/Vivado/project/NET/axi_10g_ethernet_0_ex/axi_10g_ethernet_0_ex.ip_user_files/sim_scripts/axi_10g_ethernet_0/modelsim/bd_efdb_0_pma_pmd_type_driver_0.h'
INFO: [exportsim-Tcl-35] Exporting simulation files for "QUESTA" (Mentor Graphics Questa Advanced Simulator)...
INFO: [exportsim-Tcl-29] Script generated: 'D:/Software/Vivado/project/NET/axi_10g_ethernet_0_ex/axi_10g_ethernet_0_ex.ip_user_files/sim_scripts/axi_10g_ethernet_0/questa/axi_10g_ethernet_0.sh'
INFO: [SIM-utils-43] Exported 'D:/Software/Vivado/project/NET/axi_10g_ethernet_0_ex/axi_10g_ethernet_0_ex.ip_user_files/sim_scripts/axi_10g_ethernet_0/questa/configure_gt.tcl'
INFO: [SIM-utils-43] Exported 'D:/Software/Vivado/project/NET/axi_10g_ethernet_0_ex/axi_10g_ethernet_0_ex.ip_user_files/sim_scripts/axi_10g_ethernet_0/questa/xlconstant_v1_1_5.h'
INFO: [SIM-utils-43] Exported 'D:/Software/Vivado/project/NET/axi_10g_ethernet_0_ex/axi_10g_ethernet_0_ex.ip_user_files/sim_scripts/axi_10g_ethernet_0/questa/bd_efdb_0_prtad_driver_0.h'
INFO: [SIM-utils-43] Exported 'D:/Software/Vivado/project/NET/axi_10g_ethernet_0_ex/axi_10g_ethernet_0_ex.ip_user_files/sim_scripts/axi_10g_ethernet_0/questa/xlconstant_v1_1_5.h'
INFO: [SIM-utils-43] Exported 'D:/Software/Vivado/project/NET/axi_10g_ethernet_0_ex/axi_10g_ethernet_0_ex.ip_user_files/sim_scripts/axi_10g_ethernet_0/questa/bd_efdb_0_dcm_locked_driver_0.h'
INFO: [SIM-utils-43] Exported 'D:/Software/Vivado/project/NET/axi_10g_ethernet_0_ex/axi_10g_ethernet_0_ex.ip_user_files/sim_scripts/axi_10g_ethernet_0/questa/xlconstant_v1_1_5.h'
INFO: [SIM-utils-43] Exported 'D:/Software/Vivado/project/NET/axi_10g_ethernet_0_ex/axi_10g_ethernet_0_ex.ip_user_files/sim_scripts/axi_10g_ethernet_0/questa/bd_efdb_0_pma_pmd_type_driver_0.h'
INFO: [exportsim-Tcl-35] Exporting simulation files for "IES" (Cadence Incisive Enterprise Simulator)...
INFO: [exportsim-Tcl-29] Script generated: 'D:/Software/Vivado/project/NET/axi_10g_ethernet_0_ex/axi_10g_ethernet_0_ex.ip_user_files/sim_scripts/axi_10g_ethernet_0/ies/axi_10g_ethernet_0.sh'
INFO: [SIM-utils-43] Exported 'D:/Software/Vivado/project/NET/axi_10g_ethernet_0_ex/axi_10g_ethernet_0_ex.ip_user_files/sim_scripts/axi_10g_ethernet_0/ies/configure_gt.tcl'
INFO: [SIM-utils-43] Exported 'D:/Software/Vivado/project/NET/axi_10g_ethernet_0_ex/axi_10g_ethernet_0_ex.ip_user_files/sim_scripts/axi_10g_ethernet_0/ies/xlconstant_v1_1_5.h'
INFO: [SIM-utils-43] Exported 'D:/Software/Vivado/project/NET/axi_10g_ethernet_0_ex/axi_10g_ethernet_0_ex.ip_user_files/sim_scripts/axi_10g_ethernet_0/ies/bd_efdb_0_prtad_driver_0.h'
INFO: [SIM-utils-43] Exported 'D:/Software/Vivado/project/NET/axi_10g_ethernet_0_ex/axi_10g_ethernet_0_ex.ip_user_files/sim_scripts/axi_10g_ethernet_0/ies/xlconstant_v1_1_5.h'
INFO: [SIM-utils-43] Exported 'D:/Software/Vivado/project/NET/axi_10g_ethernet_0_ex/axi_10g_ethernet_0_ex.ip_user_files/sim_scripts/axi_10g_ethernet_0/ies/bd_efdb_0_dcm_locked_driver_0.h'
INFO: [SIM-utils-43] Exported 'D:/Software/Vivado/project/NET/axi_10g_ethernet_0_ex/axi_10g_ethernet_0_ex.ip_user_files/sim_scripts/axi_10g_ethernet_0/ies/xlconstant_v1_1_5.h'
INFO: [SIM-utils-43] Exported 'D:/Software/Vivado/project/NET/axi_10g_ethernet_0_ex/axi_10g_ethernet_0_ex.ip_user_files/sim_scripts/axi_10g_ethernet_0/ies/bd_efdb_0_pma_pmd_type_driver_0.h'
INFO: [exportsim-Tcl-35] Exporting simulation files for "VCS" (Synopsys Verilog Compiler Simulator)...
INFO: [exportsim-Tcl-29] Script generated: 'D:/Software/Vivado/project/NET/axi_10g_ethernet_0_ex/axi_10g_ethernet_0_ex.ip_user_files/sim_scripts/axi_10g_ethernet_0/vcs/axi_10g_ethernet_0.sh'
INFO: [SIM-utils-43] Exported 'D:/Software/Vivado/project/NET/axi_10g_ethernet_0_ex/axi_10g_ethernet_0_ex.ip_user_files/sim_scripts/axi_10g_ethernet_0/vcs/configure_gt.tcl'
INFO: [SIM-utils-43] Exported 'D:/Software/Vivado/project/NET/axi_10g_ethernet_0_ex/axi_10g_ethernet_0_ex.ip_user_files/sim_scripts/axi_10g_ethernet_0/vcs/xlconstant_v1_1_5.h'
INFO: [SIM-utils-43] Exported 'D:/Software/Vivado/project/NET/axi_10g_ethernet_0_ex/axi_10g_ethernet_0_ex.ip_user_files/sim_scripts/axi_10g_ethernet_0/vcs/bd_efdb_0_prtad_driver_0.h'
INFO: [SIM-utils-43] Exported 'D:/Software/Vivado/project/NET/axi_10g_ethernet_0_ex/axi_10g_ethernet_0_ex.ip_user_files/sim_scripts/axi_10g_ethernet_0/vcs/xlconstant_v1_1_5.h'
INFO: [SIM-utils-43] Exported 'D:/Software/Vivado/project/NET/axi_10g_ethernet_0_ex/axi_10g_ethernet_0_ex.ip_user_files/sim_scripts/axi_10g_ethernet_0/vcs/bd_efdb_0_dcm_locked_driver_0.h'
INFO: [SIM-utils-43] Exported 'D:/Software/Vivado/project/NET/axi_10g_ethernet_0_ex/axi_10g_ethernet_0_ex.ip_user_files/sim_scripts/axi_10g_ethernet_0/vcs/xlconstant_v1_1_5.h'
INFO: [SIM-utils-43] Exported 'D:/Software/Vivado/project/NET/axi_10g_ethernet_0_ex/axi_10g_ethernet_0_ex.ip_user_files/sim_scripts/axi_10g_ethernet_0/vcs/bd_efdb_0_pma_pmd_type_driver_0.h'
INFO: [exportsim-Tcl-35] Exporting simulation files for "RIVIERA" (Aldec Riviera-PRO Simulator)...
INFO: [exportsim-Tcl-29] Script generated: 'D:/Software/Vivado/project/NET/axi_10g_ethernet_0_ex/axi_10g_ethernet_0_ex.ip_user_files/sim_scripts/axi_10g_ethernet_0/riviera/axi_10g_ethernet_0.sh'
INFO: [SIM-utils-43] Exported 'D:/Software/Vivado/project/NET/axi_10g_ethernet_0_ex/axi_10g_ethernet_0_ex.ip_user_files/sim_scripts/axi_10g_ethernet_0/riviera/configure_gt.tcl'
INFO: [SIM-utils-43] Exported 'D:/Software/Vivado/project/NET/axi_10g_ethernet_0_ex/axi_10g_ethernet_0_ex.ip_user_files/sim_scripts/axi_10g_ethernet_0/riviera/xlconstant_v1_1_5.h'
INFO: [SIM-utils-43] Exported 'D:/Software/Vivado/project/NET/axi_10g_ethernet_0_ex/axi_10g_ethernet_0_ex.ip_user_files/sim_scripts/axi_10g_ethernet_0/riviera/bd_efdb_0_prtad_driver_0.h'
INFO: [SIM-utils-43] Exported 'D:/Software/Vivado/project/NET/axi_10g_ethernet_0_ex/axi_10g_ethernet_0_ex.ip_user_files/sim_scripts/axi_10g_ethernet_0/riviera/xlconstant_v1_1_5.h'
INFO: [SIM-utils-43] Exported 'D:/Software/Vivado/project/NET/axi_10g_ethernet_0_ex/axi_10g_ethernet_0_ex.ip_user_files/sim_scripts/axi_10g_ethernet_0/riviera/bd_efdb_0_dcm_locked_driver_0.h'
INFO: [SIM-utils-43] Exported 'D:/Software/Vivado/project/NET/axi_10g_ethernet_0_ex/axi_10g_ethernet_0_ex.ip_user_files/sim_scripts/axi_10g_ethernet_0/riviera/xlconstant_v1_1_5.h'
INFO: [SIM-utils-43] Exported 'D:/Software/Vivado/project/NET/axi_10g_ethernet_0_ex/axi_10g_ethernet_0_ex.ip_user_files/sim_scripts/axi_10g_ethernet_0/riviera/bd_efdb_0_pma_pmd_type_driver_0.h'
INFO: [exportsim-Tcl-35] Exporting simulation files for "ACTIVEHDL" (Aldec Active-HDL Simulator)...
INFO: [exportsim-Tcl-29] Script generated: 'D:/Software/Vivado/project/NET/axi_10g_ethernet_0_ex/axi_10g_ethernet_0_ex.ip_user_files/sim_scripts/axi_10g_ethernet_0/activehdl/axi_10g_ethernet_0.sh'
INFO: [SIM-utils-43] Exported 'D:/Software/Vivado/project/NET/axi_10g_ethernet_0_ex/axi_10g_ethernet_0_ex.ip_user_files/sim_scripts/axi_10g_ethernet_0/activehdl/configure_gt.tcl'
INFO: [SIM-utils-43] Exported 'D:/Software/Vivado/project/NET/axi_10g_ethernet_0_ex/axi_10g_ethernet_0_ex.ip_user_files/sim_scripts/axi_10g_ethernet_0/activehdl/xlconstant_v1_1_5.h'
INFO: [SIM-utils-43] Exported 'D:/Software/Vivado/project/NET/axi_10g_ethernet_0_ex/axi_10g_ethernet_0_ex.ip_user_files/sim_scripts/axi_10g_ethernet_0/activehdl/bd_efdb_0_prtad_driver_0.h'
INFO: [SIM-utils-43] Exported 'D:/Software/Vivado/project/NET/axi_10g_ethernet_0_ex/axi_10g_ethernet_0_ex.ip_user_files/sim_scripts/axi_10g_ethernet_0/activehdl/xlconstant_v1_1_5.h'
INFO: [SIM-utils-43] Exported 'D:/Software/Vivado/project/NET/axi_10g_ethernet_0_ex/axi_10g_ethernet_0_ex.ip_user_files/sim_scripts/axi_10g_ethernet_0/activehdl/bd_efdb_0_dcm_locked_driver_0.h'
INFO: [SIM-utils-43] Exported 'D:/Software/Vivado/project/NET/axi_10g_ethernet_0_ex/axi_10g_ethernet_0_ex.ip_user_files/sim_scripts/axi_10g_ethernet_0/activehdl/xlconstant_v1_1_5.h'
INFO: [SIM-utils-43] Exported 'D:/Software/Vivado/project/NET/axi_10g_ethernet_0_ex/axi_10g_ethernet_0_ex.ip_user_files/sim_scripts/axi_10g_ethernet_0/activehdl/bd_efdb_0_pma_pmd_type_driver_0.h'
INFO: [exportsim-Tcl-35] Exporting simulation files for "XCELIUM" (Cadence Xcelium Parallel Simulator)...
INFO: [exportsim-Tcl-29] Script generated: 'D:/Software/Vivado/project/NET/axi_10g_ethernet_0_ex/axi_10g_ethernet_0_ex.ip_user_files/sim_scripts/axi_10g_ethernet_0/xcelium/axi_10g_ethernet_0.sh'
INFO: [SIM-utils-43] Exported 'D:/Software/Vivado/project/NET/axi_10g_ethernet_0_ex/axi_10g_ethernet_0_ex.ip_user_files/sim_scripts/axi_10g_ethernet_0/xcelium/configure_gt.tcl'
INFO: [SIM-utils-43] Exported 'D:/Software/Vivado/project/NET/axi_10g_ethernet_0_ex/axi_10g_ethernet_0_ex.ip_user_files/sim_scripts/axi_10g_ethernet_0/xcelium/xlconstant_v1_1_5.h'
INFO: [SIM-utils-43] Exported 'D:/Software/Vivado/project/NET/axi_10g_ethernet_0_ex/axi_10g_ethernet_0_ex.ip_user_files/sim_scripts/axi_10g_ethernet_0/xcelium/bd_efdb_0_prtad_driver_0.h'
INFO: [SIM-utils-43] Exported 'D:/Software/Vivado/project/NET/axi_10g_ethernet_0_ex/axi_10g_ethernet_0_ex.ip_user_files/sim_scripts/axi_10g_ethernet_0/xcelium/xlconstant_v1_1_5.h'
INFO: [SIM-utils-43] Exported 'D:/Software/Vivado/project/NET/axi_10g_ethernet_0_ex/axi_10g_ethernet_0_ex.ip_user_files/sim_scripts/axi_10g_ethernet_0/xcelium/bd_efdb_0_dcm_locked_driver_0.h'
INFO: [SIM-utils-43] Exported 'D:/Software/Vivado/project/NET/axi_10g_ethernet_0_ex/axi_10g_ethernet_0_ex.ip_user_files/sim_scripts/axi_10g_ethernet_0/xcelium/xlconstant_v1_1_5.h'
INFO: [SIM-utils-43] Exported 'D:/Software/Vivado/project/NET/axi_10g_ethernet_0_ex/axi_10g_ethernet_0_ex.ip_user_files/sim_scripts/axi_10g_ethernet_0/xcelium/bd_efdb_0_pma_pmd_type_driver_0.h'
export_ip_user_files: Time (s): cpu = 00:00:08 ; elapsed = 00:00:09 . Memory (MB): peak = 924.062 ; gain = 12.703
INFO: [open_example_project] Open Example Project completed
update_compile_order -fileset sources_1
set_property target_simulator ModelSim [current_project]
set_property -name {modelsim.simulate.log_all_signals} -value {true} -objects [get_filesets sim_1]
launch_simulation
INFO: [Vivado 12-5698] Checking validity of IPs in the design for the 'ModelSim' simulator...
INFO: [Vivado 12-5682] Launching behavioral simulation in 'd:/Software/Vivado/project/NET/axi_10g_ethernet_0_ex/axi_10g_ethernet_0_ex.sim/sim_1/behav/modelsim'
INFO: [Vivado 12-4795] Using compiled simulation libraries for IPs
INFO: [USF-ModelSim-47] Finding simulator installation...
INFO: [USF-ModelSim-49] Using simulator executables from 'D:\Software\Modelsim\win64'
INFO: [SIM-utils-51] Simulation object is 'sim_1'
INFO: [USF-modelsim-7] Finding pre-compiled libraries...
INFO: [USF-modelsim-11] File 'D:/Software/Modelsim/vivado_2018/modelsim.ini' copied to run dir:'d:/Software/Vivado/project/NET/axi_10g_ethernet_0_ex/axi_10g_ethernet_0_ex.sim/sim_1/behav/modelsim'
INFO: [SIM-utils-54] Inspecting design source files for 'axi_10g_ethernet_0_demo_tb' in fileset 'sim_1'...
WARNING: [SIM-utils-52] IP component XML file does not exist: 'd:/Software/Vivado/project/NET/axi_10g_ethernet_0_ex/axi_10g_ethernet_0_ex.srcs/sources_1/ip/axi_10g_ethernet_0/axi_10g_ethernet_0.xml'
WARNING: [SIM-utils-52] IP component XML file does not exist: 'd:/Software/Vivado/project/NET/axi_10g_ethernet_0_ex/axi_10g_ethernet_0_ex.srcs/sources_1/ip/axi_10g_ethernet_0/bd_0/ip/ip_3/bd_efdb_0_dcm_locked_driver_0.xml'
WARNING: [SIM-utils-52] IP component XML file does not exist: 'd:/Software/Vivado/project/NET/axi_10g_ethernet_0_ex/axi_10g_ethernet_0_ex.srcs/sources_1/ip/axi_10g_ethernet_0/bd_0/ip/ip_4/bd_efdb_0_pma_pmd_type_driver_0.xml'
WARNING: [SIM-utils-52] IP component XML file does not exist: 'd:/Software/Vivado/project/NET/axi_10g_ethernet_0_ex/axi_10g_ethernet_0_ex.srcs/sources_1/ip/axi_10g_ethernet_0/bd_0/ip/ip_2/bd_efdb_0_prtad_driver_0.xml'
WARNING: [SIM-utils-52] IP component XML file does not exist: 'd:/Software/Vivado/project/NET/axi_10g_ethernet_0_ex/axi_10g_ethernet_0_ex.srcs/sources_1/ip/axi_10g_ethernet_0/bd_0/ip/ip_0/bd_efdb_0_xmac_0.xml'
WARNING: [SIM-utils-52] IP component XML file does not exist: 'd:/Software/Vivado/project/NET/axi_10g_ethernet_0_ex/axi_10g_ethernet_0_ex.srcs/sources_1/ip/axi_10g_ethernet_0/bd_0/ip/ip_1/bd_efdb_0_xpcs_0.xml'
INFO: [USF-ModelSim-107] Finding global include files...
INFO: [USF-ModelSim-108] Finding include directories and verilog header directory paths...
INFO: [USF-ModelSim-109] Fetching design files from 'sim_1'...
INFO: [USF-ModelSim-2] ModelSim::Compile design
INFO: [USF-ModelSim-15] Creating automatic 'do' files...
INFO: [USF-ModelSim-69] Executing 'COMPILE and ANALYZE' step in 'd:/Software/Vivado/project/NET/axi_10g_ethernet_0_ex/axi_10g_ethernet_0_ex.sim/sim_1/behav/modelsim'
Reading D:/Software/Modelsim/tcl/vsim/pref.tcl

# 10.6d

# do {axi_10g_ethernet_0_demo_tb_compile.do}
# Model Technology ModelSim SE-64 vmap 10.6d Lib Mapping Utility 2018.02 Feb 24 2018
# vmap xil_defaultlib modelsim_lib/msim/xil_defaultlib 
# Modifying modelsim.ini
# Model Technology ModelSim SE-64 vmap 10.6d Lib Mapping Utility 2018.02 Feb 24 2018
# vmap ten_gig_eth_pcs_pma_v6_0_14 modelsim_lib/msim/ten_gig_eth_pcs_pma_v6_0_14 
# Modifying modelsim.ini
# ** Warning: (vlog-159) Mode option -64 is not supported in this context and will be ignored.
# Model Technology ModelSim SE-64 vlog 10.6d Compiler 2018.02 Feb 24 2018
# Start time: 18:37:36 on Sep 15,2021
# vlog -64 -incr -work xil_defaultlib ../../../../axi_10g_ethernet_0_ex.ip_user_files/ip/axi_10g_ethernet_0/bd_0/ip/ip_0/ten_gig_eth_mac_v15_1_1/hdl/bd_efdb_0_xmac_0_core.v ../../../../axi_10g_ethernet_0_ex.ip_user_files/ip/axi_10g_ethernet_0/bd_0/ip/ip_0/synth/bd_efdb_0_xmac_0_sync_resetn.v ../../../../axi_10g_ethernet_0_ex.ip_user_files/ip/axi_10g_ethernet_0/bd_0/ip/ip_0/synth/bd_efdb_0_xmac_0_block.v ../../../../axi_10g_ethernet_0_ex.ip_user_files/ip/axi_10g_ethernet_0/bd_0/ip/ip_0/synth/bd_efdb_0_xmac_0.v 
# -- Compiling module bd_efdb_0_xmac_0_sync_resetn
# -- Compiling module bd_efdb_0_xmac_0_block
# -- Compiling module bd_efdb_0_xmac_0
# 
# Top level modules:
# 	bd_efdb_0_xmac_0_sync_resetn
# 	bd_efdb_0_xmac_0
# End time: 18:37:36 on Sep 15,2021, Elapsed time: 0:00:00
# Errors: 0, Warnings: 1
# ** Warning: (vlog-159) Mode option -64 is not supported in this context and will be ignored.
# Model Technology ModelSim SE-64 vlog 10.6d Compiler 2018.02 Feb 24 2018
# Start time: 18:37:36 on Sep 15,2021
# vlog -64 -incr -work ten_gig_eth_pcs_pma_v6_0_14 ../../../../axi_10g_ethernet_0_ex.ip_user_files/ipstatic/hdl/ten_gig_eth_pcs_pma_v6_0_rfs.v 
# 
# Top level modules:
# End time: 18:37:38 on Sep 15,2021, Elapsed time: 0:00:02
# Errors: 0, Warnings: 1
# ** Warning: (vlog-159) Mode option -64 is not supported in this context and will be ignored.
# Model Technology ModelSim SE-64 vlog 10.6d Compiler 2018.02 Feb 24 2018
# Start time: 18:37:38 on Sep 15,2021
# vlog -64 -incr -work xil_defaultlib ../../../../axi_10g_ethernet_0_ex.ip_user_files/ip/axi_10g_ethernet_0/bd_0/ip/ip_1/synth/bd_efdb_0_xpcs_0_gtwizard_10gbaser_gt.v ../../../../axi_10g_ethernet_0_ex.ip_user_files/ip/axi_10g_ethernet_0/bd_0/ip/ip_1/synth/bd_efdb_0_xpcs_0_gtwizard_10gbaser_multi_gt.v ../../../../axi_10g_ethernet_0_ex.ip_user_files/ip/axi_10g_ethernet_0/bd_0/ip/ip_1/synth/bd_efdb_0_xpcs_0_ff_synchronizer_rst.v ../../../../axi_10g_ethernet_0_ex.ip_user_files/ip/axi_10g_ethernet_0/bd_0/ip/ip_1/synth/bd_efdb_0_xpcs_0_ff_synchronizer.v ../../../../axi_10g_ethernet_0_ex.ip_user_files/ip/axi_10g_ethernet_0/bd_0/ip/ip_1/synth/bd_efdb_0_xpcs_0_local_clock_and_reset.v ../../../../axi_10g_ethernet_0_ex.ip_user_files/ip/axi_10g_ethernet_0/bd_0/ip/ip_1/synth/bd_efdb_0_xpcs_0_sim_speedup_controller.v ../../../../axi_10g_ethernet_0_ex.ip_user_files/ip/axi_10g_ethernet_0/bd_0/ip/ip_1/synth/bd_efdb_0_xpcs_0_cable_pull_logic.v ../../../../axi_10g_ethernet_0_ex.ip_user_files/ip/axi_10g_ethernet_0/bd_0/ip/ip_1/synth/bd_efdb_0_xpcs_0_block.v ../../../../axi_10g_ethernet_0_ex.ip_user_files/ip/axi_10g_ethernet_0/bd_0/ip/ip_1/synth/bd_efdb_0_xpcs_0.v ../../../../axi_10g_ethernet_0_ex.ip_user_files/ip/axi_10g_ethernet_0/bd_0/ip/ip_2/sim/bd_efdb_0_prtad_driver_0.v ../../../../axi_10g_ethernet_0_ex.ip_user_files/ip/axi_10g_ethernet_0/bd_0/ip/ip_3/sim/bd_efdb_0_dcm_locked_driver_0.v ../../../../axi_10g_ethernet_0_ex.ip_user_files/ip/axi_10g_ethernet_0/bd_0/ip/ip_4/sim/bd_efdb_0_pma_pmd_type_driver_0.v ../../../../axi_10g_ethernet_0_ex.ip_user_files/ip/axi_10g_ethernet_0/bd_0/sim/bd_efdb_0.v ../../../../axi_10g_ethernet_0_ex.ip_user_files/ip/axi_10g_ethernet_0/sim/axi_10g_ethernet_0.v ../../../../imports/axi_10g_ethernet_0_address_swap.v ../../../../imports/axi_10g_ethernet_0_axi_fifo.v ../../../../imports/axi_10g_ethernet_0_axi_lite_sm.v ../../../../imports/axi_10g_ethernet_0_axi_mux.v ../../../../imports/axi_10g_ethernet_0_axi_pat_check.v ../../../../imports/axi_10g_ethernet_0_axi_pat_gen.v ../../../../imports/axi_10g_ethernet_0_clocking.v ../../../../imports/axi_10g_ethernet_0_example_design.v ../../../../imports/axi_10g_ethernet_0_ff_synchronizer_rst2.v ../../../../imports/axi_10g_ethernet_0_fifo_block.v ../../../../imports/axi_10g_ethernet_0_fifo_ram.v ../../../../imports/axi_10g_ethernet_0_gen_check_wrapper.v ../../../../imports/axi_10g_ethernet_0_gt_common.v ../../../../imports/axi_10g_ethernet_0_shared_clock_and_reset.v ../../../../imports/axi_10g_ethernet_0_shared_clocking_wrapper.v ../../../../imports/axi_10g_ethernet_0_support.v ../../../../imports/axi_10g_ethernet_0_sync_block.v ../../../../imports/axi_10g_ethernet_0_sync_reset.v ../../../../imports/axi_10g_ethernet_0_xgmac_fifo.v ../../../../imports/axi_10g_ethernet_0_demo_tb.v 
# -- Compiling module bd_efdb_0_xpcs_0_gtwizard_10gbaser_GT
# -- Compiling module bd_efdb_0_xpcs_0_gtwizard_10gbaser_multi_GT
# -- Compiling module bd_efdb_0_xpcs_0_ff_synchronizer_rst
# -- Compiling module bd_efdb_0_xpcs_0_ff_synchronizer
# -- Compiling module bd_efdb_0_xpcs_0_local_clock_and_reset
# -- Compiling module bd_efdb_0_xpcs_0_sim_speedup_controller
# -- Compiling module bd_efdb_0_xpcs_0_cable_pull_logic
# -- Compiling module bd_efdb_0_xpcs_0_block
# -- Compiling module bd_efdb_0_xpcs_0
# -- Compiling module bd_efdb_0_prtad_driver_0
# -- Compiling module bd_efdb_0_dcm_locked_driver_0
# -- Compiling module bd_efdb_0_pma_pmd_type_driver_0
# -- Compiling module bd_efdb_0
# -- Compiling module axi_10g_ethernet_0
# -- Compiling module axi_10g_ethernet_0_address_swap
# -- Compiling module axi_10g_ethernet_0_axi_fifo
# -- Compiling module axi_10g_ethernet_0_axi_lite_sm
# -- Compiling module axi_10g_ethernet_0_axi_mux
# -- Compiling module axi_10g_ethernet_0_axi_pat_check
# -- Compiling module axi_10g_ethernet_0_axi_pat_gen
# -- Compiling module axi_10g_ethernet_0_clocking
# -- Compiling module axi_10g_ethernet_0_example_design
# -- Compiling module axi_10g_ethernet_0_ff_synchronizer_rst2
# -- Compiling module axi_10g_ethernet_0_fifo_block
# -- Compiling module axi_10g_ethernet_0_fifo_ram
# -- Compiling module axi_10g_ethernet_0_gen_check_wrapper
# -- Compiling module axi_10g_ethernet_0_gt_common
# -- Compiling module axi_10g_ethernet_0_shared_clock_and_reset
# -- Compiling module axi_10g_ethernet_0_shared_clocking_wrapper
# -- Compiling module axi_10g_ethernet_0_support
# -- Compiling module axi_10g_ethernet_0_sync_block
# -- Compiling module axi_10g_ethernet_0_sync_reset
# -- Compiling module axi_10g_ethernet_0_xgmac_fifo
# -- Compiling module frame_typ_axi_10g_ethernet_0
# -- Compiling module axi_10g_ethernet_0_demo_tb
# 
# Top level modules:
# 	axi_10g_ethernet_0_demo_tb
# End time: 18:37:38 on Sep 15,2021, Elapsed time: 0:00:00
# Errors: 0, Warnings: 1
# Model Technology ModelSim SE-64 vlog 10.6d Compiler 2018.02 Feb 24 2018
# Start time: 18:37:39 on Sep 15,2021
# vlog -work xil_defaultlib glbl.v 
# -- Compiling module glbl
# 
# Top level modules:
# 	glbl
# End time: 18:37:39 on Sep 15,2021, Elapsed time: 0:00:00
# Errors: 0, Warnings: 0
run_program: Time (s): cpu = 00:00:00 ; elapsed = 00:00:05 . Memory (MB): peak = 982.656 ; gain = 0.000
INFO: [USF-ModelSim-69] 'compile' step finished in '5' seconds
INFO: [USF-ModelSim-4] ModelSim::Simulate design
INFO: [USF-ModelSim-69] Executing 'SIMULATE' step in 'd:/Software/Vivado/project/NET/axi_10g_ethernet_0_ex/axi_10g_ethernet_0_ex.sim/sim_1/behav/modelsim'
Program launched (PID=28912)
launch_simulation: Time (s): cpu = 00:00:03 ; elapsed = 00:00:07 . Memory (MB): peak = 982.656 ; gain = 3.137
exit
INFO: [Common 17-206] Exiting Vivado at Wed Sep 15 21:43:05 2021...
