# do {axi_10g_ethernet_0_demo_tb_compile.do}
# Model Technology ModelSim SE-64 vmap 10.6d Lib Mapping Utility 2018.02 Feb 24 2018
# vmap xil_defaultlib modelsim_lib/msim/xil_defaultlib 
# Modifying modelsim.ini
# Model Technology ModelSim SE-64 vmap 10.6d Lib Mapping Utility 2018.02 Feb 24 2018
# vmap ten_gig_eth_pcs_pma_v6_0_14 modelsim_lib/msim/ten_gig_eth_pcs_pma_v6_0_14 
# Modifying modelsim.ini
# ** Warning: (vlog-159) Mode option -64 is not supported in this context and will be ignored.
# Model Technology ModelSim SE-64 vlog 10.6d Compiler 2018.02 Feb 24 2018
# Start time: 18:37:36 on Sep 15,2021
# vlog -64 -incr -work xil_defaultlib ../../../../axi_10g_ethernet_0_ex.ip_user_files/ip/axi_10g_ethernet_0/bd_0/ip/ip_0/ten_gig_eth_mac_v15_1_1/hdl/bd_efdb_0_xmac_0_core.v ../../../../axi_10g_ethernet_0_ex.ip_user_files/ip/axi_10g_ethernet_0/bd_0/ip/ip_0/synth/bd_efdb_0_xmac_0_sync_resetn.v ../../../../axi_10g_ethernet_0_ex.ip_user_files/ip/axi_10g_ethernet_0/bd_0/ip/ip_0/synth/bd_efdb_0_xmac_0_block.v ../../../../axi_10g_ethernet_0_ex.ip_user_files/ip/axi_10g_ethernet_0/bd_0/ip/ip_0/synth/bd_efdb_0_xmac_0.v 
# -- Compiling module bd_efdb_0_xmac_0_sync_resetn
# -- Compiling module bd_efdb_0_xmac_0_block
# -- Compiling module bd_efdb_0_xmac_0
# 
# Top level modules:
# 	bd_efdb_0_xmac_0_sync_resetn
# 	bd_efdb_0_xmac_0
# End time: 18:37:36 on Sep 15,2021, Elapsed time: 0:00:00
# Errors: 0, Warnings: 1
# ** Warning: (vlog-159) Mode option -64 is not supported in this context and will be ignored.
# Model Technology ModelSim SE-64 vlog 10.6d Compiler 2018.02 Feb 24 2018
# Start time: 18:37:36 on Sep 15,2021
# vlog -64 -incr -work ten_gig_eth_pcs_pma_v6_0_14 ../../../../axi_10g_ethernet_0_ex.ip_user_files/ipstatic/hdl/ten_gig_eth_pcs_pma_v6_0_rfs.v 
# 
# Top level modules:
# End time: 18:37:38 on Sep 15,2021, Elapsed time: 0:00:02
# Errors: 0, Warnings: 1
# ** Warning: (vlog-159) Mode option -64 is not supported in this context and will be ignored.
# Model Technology ModelSim SE-64 vlog 10.6d Compiler 2018.02 Feb 24 2018
# Start time: 18:37:38 on Sep 15,2021
# vlog -64 -incr -work xil_defaultlib ../../../../axi_10g_ethernet_0_ex.ip_user_files/ip/axi_10g_ethernet_0/bd_0/ip/ip_1/synth/bd_efdb_0_xpcs_0_gtwizard_10gbaser_gt.v ../../../../axi_10g_ethernet_0_ex.ip_user_files/ip/axi_10g_ethernet_0/bd_0/ip/ip_1/synth/bd_efdb_0_xpcs_0_gtwizard_10gbaser_multi_gt.v ../../../../axi_10g_ethernet_0_ex.ip_user_files/ip/axi_10g_ethernet_0/bd_0/ip/ip_1/synth/bd_efdb_0_xpcs_0_ff_synchronizer_rst.v ../../../../axi_10g_ethernet_0_ex.ip_user_files/ip/axi_10g_ethernet_0/bd_0/ip/ip_1/synth/bd_efdb_0_xpcs_0_ff_synchronizer.v ../../../../axi_10g_ethernet_0_ex.ip_user_files/ip/axi_10g_ethernet_0/bd_0/ip/ip_1/synth/bd_efdb_0_xpcs_0_local_clock_and_reset.v ../../../../axi_10g_ethernet_0_ex.ip_user_files/ip/axi_10g_ethernet_0/bd_0/ip/ip_1/synth/bd_efdb_0_xpcs_0_sim_speedup_controller.v ../../../../axi_10g_ethernet_0_ex.ip_user_files/ip/axi_10g_ethernet_0/bd_0/ip/ip_1/synth/bd_efdb_0_xpcs_0_cable_pull_logic.v ../../../../axi_10g_ethernet_0_ex.ip_user_files/ip/axi_10g_ethernet_0/bd_0/ip/ip_1/synth/bd_efdb_0_xpcs_0_block.v ../../../../axi_10g_ethernet_0_ex.ip_user_files/ip/axi_10g_ethernet_0/bd_0/ip/ip_1/synth/bd_efdb_0_xpcs_0.v ../../../../axi_10g_ethernet_0_ex.ip_user_files/ip/axi_10g_ethernet_0/bd_0/ip/ip_2/sim/bd_efdb_0_prtad_driver_0.v ../../../../axi_10g_ethernet_0_ex.ip_user_files/ip/axi_10g_ethernet_0/bd_0/ip/ip_3/sim/bd_efdb_0_dcm_locked_driver_0.v ../../../../axi_10g_ethernet_0_ex.ip_user_files/ip/axi_10g_ethernet_0/bd_0/ip/ip_4/sim/bd_efdb_0_pma_pmd_type_driver_0.v ../../../../axi_10g_ethernet_0_ex.ip_user_files/ip/axi_10g_ethernet_0/bd_0/sim/bd_efdb_0.v ../../../../axi_10g_ethernet_0_ex.ip_user_files/ip/axi_10g_ethernet_0/sim/axi_10g_ethernet_0.v ../../../../imports/axi_10g_ethernet_0_address_swap.v ../../../../imports/axi_10g_ethernet_0_axi_fifo.v ../../../../imports/axi_10g_ethernet_0_axi_lite_sm.v ../../../../imports/axi_10g_ethernet_0_axi_mux.v ../../../../imports/axi_10g_ethernet_0_axi_pat_check.v ../../../../imports/axi_10g_ethernet_0_axi_pat_gen.v ../../../../imports/axi_10g_ethernet_0_clocking.v ../../../../imports/axi_10g_ethernet_0_example_design.v ../../../../imports/axi_10g_ethernet_0_ff_synchronizer_rst2.v ../../../../imports/axi_10g_ethernet_0_fifo_block.v ../../../../imports/axi_10g_ethernet_0_fifo_ram.v ../../../../imports/axi_10g_ethernet_0_gen_check_wrapper.v ../../../../imports/axi_10g_ethernet_0_gt_common.v ../../../../imports/axi_10g_ethernet_0_shared_clock_and_reset.v ../../../../imports/axi_10g_ethernet_0_shared_clocking_wrapper.v ../../../../imports/axi_10g_ethernet_0_support.v ../../../../imports/axi_10g_ethernet_0_sync_block.v ../../../../imports/axi_10g_ethernet_0_sync_reset.v ../../../../imports/axi_10g_ethernet_0_xgmac_fifo.v ../../../../imports/axi_10g_ethernet_0_demo_tb.v 
# -- Compiling module bd_efdb_0_xpcs_0_gtwizard_10gbaser_GT
# -- Compiling module bd_efdb_0_xpcs_0_gtwizard_10gbaser_multi_GT
# -- Compiling module bd_efdb_0_xpcs_0_ff_synchronizer_rst
# -- Compiling module bd_efdb_0_xpcs_0_ff_synchronizer
# -- Compiling module bd_efdb_0_xpcs_0_local_clock_and_reset
# -- Compiling module bd_efdb_0_xpcs_0_sim_speedup_controller
# -- Compiling module bd_efdb_0_xpcs_0_cable_pull_logic
# -- Compiling module bd_efdb_0_xpcs_0_block
# -- Compiling module bd_efdb_0_xpcs_0
# -- Compiling module bd_efdb_0_prtad_driver_0
# -- Compiling module bd_efdb_0_dcm_locked_driver_0
# -- Compiling module bd_efdb_0_pma_pmd_type_driver_0
# -- Compiling module bd_efdb_0
# -- Compiling module axi_10g_ethernet_0
# -- Compiling module axi_10g_ethernet_0_address_swap
# -- Compiling module axi_10g_ethernet_0_axi_fifo
# -- Compiling module axi_10g_ethernet_0_axi_lite_sm
# -- Compiling module axi_10g_ethernet_0_axi_mux
# -- Compiling module axi_10g_ethernet_0_axi_pat_check
# -- Compiling module axi_10g_ethernet_0_axi_pat_gen
# -- Compiling module axi_10g_ethernet_0_clocking
# -- Compiling module axi_10g_ethernet_0_example_design
# -- Compiling module axi_10g_ethernet_0_ff_synchronizer_rst2
# -- Compiling module axi_10g_ethernet_0_fifo_block
# -- Compiling module axi_10g_ethernet_0_fifo_ram
# -- Compiling module axi_10g_ethernet_0_gen_check_wrapper
# -- Compiling module axi_10g_ethernet_0_gt_common
# -- Compiling module axi_10g_ethernet_0_shared_clock_and_reset
# -- Compiling module axi_10g_ethernet_0_shared_clocking_wrapper
# -- Compiling module axi_10g_ethernet_0_support
# -- Compiling module axi_10g_ethernet_0_sync_block
# -- Compiling module axi_10g_ethernet_0_sync_reset
# -- Compiling module axi_10g_ethernet_0_xgmac_fifo
# -- Compiling module frame_typ_axi_10g_ethernet_0
# -- Compiling module axi_10g_ethernet_0_demo_tb
# 
# Top level modules:
# 	axi_10g_ethernet_0_demo_tb
# End time: 18:37:38 on Sep 15,2021, Elapsed time: 0:00:00
# Errors: 0, Warnings: 1
# Model Technology ModelSim SE-64 vlog 10.6d Compiler 2018.02 Feb 24 2018
# Start time: 18:37:39 on Sep 15,2021
# vlog -work xil_defaultlib glbl.v 
# -- Compiling module glbl
# 
# Top level modules:
# 	glbl
# End time: 18:37:39 on Sep 15,2021, Elapsed time: 0:00:00
# Errors: 0, Warnings: 0
